<?xml version="1.0" encoding="UTF-8"?>
<!-- Generated by org.testng.reporters.JUnitReportReporter -->
<testsuite hostname="DESKTOP-QQ0135N" name="gmail.GmailTest" tests="1" failures="0" timestamp="11 May 2018 07:39:33 GMT" time="37.358" errors="0">
  <testcase name="firstTest" time="37.358" classname="gmail.GmailTest"/>
</testsuite> <!-- gmail.GmailTest -->
